0 info it worked if it ends with ok
1 verbose cli [ 'C:\\Program Files\\nodejs\\node.exe',
1 verbose cli   'C:\\Program Files\\nodejs\\node_modules\\npm\\bin\\npm-cli.js',
1 verbose cli   'start' ]
2 info using npm@3.10.10
3 info using node@v6.9.5
4 verbose run-script [ 'prestart', 'start', 'poststart' ]
5 info lifecycle angular2-webpack-simple-start@0.0.3~prestart: angular2-webpack-simple-start@0.0.3
6 silly lifecycle angular2-webpack-simple-start@0.0.3~prestart: no script for prestart, continuing
7 info lifecycle angular2-webpack-simple-start@0.0.3~start: angular2-webpack-simple-start@0.0.3
8 verbose lifecycle angular2-webpack-simple-start@0.0.3~start: unsafe-perm in lifecycle true
9 verbose lifecycle angular2-webpack-simple-start@0.0.3~start: PATH: C:\Program Files\nodejs\node_modules\npm\bin\node-gyp-bin;D:\Angular_Daily\1_Mar_17_Continue\angular2-webpack-starter-master - Copy\node_modules\.bin;C:\windows\system32;C:\windows;C:\windows\System32\Wbem;C:\windows\System32\WindowsPowerShell\v1.0\;C:\Program Files (x86)\Skype\Phone\;C:\Program Files\Microsoft SQL Server\110\DTS\Binn\;C:\Program Files (x86)\Microsoft SQL Server\110\Tools\Binn\;C:\Program Files\Microsoft SQL Server\110\Tools\Binn\;C:\Program Files (x86)\Microsoft SQL Server\110\Tools\Binn\ManagementStudio\;C:\Program Files (x86)\Microsoft Visual Studio 10.0\Common7\IDE\PrivateAssemblies\;C:\Program Files (x86)\Microsoft SQL Server\110\DTS\Binn\;C:\Program Files\Microsoft\Web Platform Installer\;C:\Program Files (x86)\Microsoft ASP.NET\ASP.NET Web Pages\v1.0\;C:\Program Files (x86)\Windows Kits\8.0\Windows Performance Toolkit\;C:\Program Files\nodejs\;;C:\Program Files (x86)\Microsoft VS Code\bin;C:\Users\pawank\AppData\Roaming\npm
10 verbose lifecycle angular2-webpack-simple-start@0.0.3~start: CWD: D:\Angular_Daily\1_Mar_17_Continue\angular2-webpack-starter-master - Copy
11 silly lifecycle angular2-webpack-simple-start@0.0.3~start: Args: [ '/d /s /c', 'npm run server' ]
12 silly lifecycle angular2-webpack-simple-start@0.0.3~start: Returned: code: 3221225786  signal: null
13 info lifecycle angular2-webpack-simple-start@0.0.3~start: Failed to exec start script
14 verbose stack Error: angular2-webpack-simple-start@0.0.3 start: `npm run server`
14 verbose stack Exit status 3221225786
14 verbose stack     at EventEmitter.<anonymous> (C:\Program Files\nodejs\node_modules\npm\lib\utils\lifecycle.js:255:16)
14 verbose stack     at emitTwo (events.js:106:13)
14 verbose stack     at EventEmitter.emit (events.js:191:7)
14 verbose stack     at ChildProcess.<anonymous> (C:\Program Files\nodejs\node_modules\npm\lib\utils\spawn.js:40:14)
14 verbose stack     at emitTwo (events.js:106:13)
14 verbose stack     at ChildProcess.emit (events.js:191:7)
14 verbose stack     at maybeClose (internal/child_process.js:877:16)
14 verbose stack     at Process.ChildProcess._handle.onexit (internal/child_process.js:226:5)
15 verbose pkgid angular2-webpack-simple-start@0.0.3
16 verbose cwd D:\Angular_Daily\1_Mar_17_Continue\angular2-webpack-starter-master - Copy
17 error Windows_NT 6.1.7601
18 error argv "C:\\Program Files\\nodejs\\node.exe" "C:\\Program Files\\nodejs\\node_modules\\npm\\bin\\npm-cli.js" "start"
19 error node v6.9.5
20 error npm  v3.10.10
21 error code ELIFECYCLE
22 error angular2-webpack-simple-start@0.0.3 start: `npm run server`
22 error Exit status 3221225786
23 error Failed at the angular2-webpack-simple-start@0.0.3 start script 'npm run server'.
23 error Make sure you have the latest version of node.js and npm installed.
23 error If you do, this is most likely a problem with the angular2-webpack-simple-start package,
23 error not with npm itself.
23 error Tell the author that this fails on your system:
23 error     npm run server
23 error You can get information on how to open an issue for this project with:
23 error     npm bugs angular2-webpack-simple-start
23 error Or if that isn't available, you can get their info via:
23 error     npm owner ls angular2-webpack-simple-start
23 error There is likely additional logging output above.
24 verbose exit [ 1, true ]
